
execute.client.heroku:
     [echo] ################################################################### 
     [echo] IntroSDE Assignment #3: SOAP Web Services
     [echo] Student: Carlo Nicolò
     [echo] ################################################################### 
     [echo]  
     [echo] Endpoint
     [echo] Service Name:{http://ws.soap.assignment.introsde/}PeopleService
     [echo] Port Name:{http://ws.soap.assignment.introsde/}PeopleImplPort
     [echo]  
     [echo] Information
     [echo] Address: http://vast-temple-7100.herokuapp.com/ws/people
     [echo] WSDL: http://vast-temple-7100.herokuapp.com/ws/people?wsdl
     [echo]  
     [echo] Implementation class: introsde.assignment.soap.ws.PeopleImpl
     [echo]  
     [echo] ################################################################### 
     [java]  
     [java] #########################################################
     [java]  
     [java] Method ==> [readPersonList()]
     [java] Method# ==> [1]
     [java] Param ==> [no param requested]
     [java]  
     [java] personId: 1
     [java] Firstname: Karlitos
     [java] Lastname: Brigante
     [java] Birthdate: 1977-12-23
     [java] *CurrentHealth*
     [java] mid: 1
     [java] dateRegistered: 2015-10-09
     [java] measureType: weight
     [java] measureValue: 100
     [java] measureValueType: Int
     [java]  
     [java]  
     [java] personId: 2
     [java] Firstname: Rud
     [java] Lastname: Gullit
     [java] Birthdate: 1970-11-23
     [java] *CurrentHealth*
     [java] mid: 2
     [java] dateRegistered: 2015-10-09
     [java] measureType: weight
     [java] measureValue: 78
     [java] measureValueType: Int
     [java]  
     [java]  
     [java] personId: 3
     [java] Firstname: Luis
     [java] Lastname: Van Basten
     [java] Birthdate: 1973-11-23
     [java] *CurrentHealth*
     [java] mid: 3
     [java] dateRegistered: 2015-10-09
     [java] measureType: height
     [java] measureValue: 188
     [java] measureValueType: Int
     [java] mid: 6
     [java] dateRegistered: 2015-12-23
     [java] measureType: weight
     [java] measureValue: 86
     [java] measureValueType: Integer
     [java]  
     [java]  
     [java] personId: 4
     [java] Firstname: Bob
     [java] Lastname: Marley
     [java] Birthdate: 1997-12-09
     [java] *CurrentHealth*
     [java] mid: 4
     [java] dateRegistered: 2015-12-09
     [java] measureType: weight
     [java] measureValue: 72
     [java] measureValueType: Int
     [java]  
     [java]  
     [java] personId: 51
     [java] Firstname: Bob
     [java] Lastname: Marley
     [java] Birthdate: 1961-10-11
     [java] No CurrentHealth
     [java]  
     [java]  
     [java] personId: 53
     [java] Firstname: Bob
     [java] Lastname: Marley
     [java] Birthdate: 1961-10-11
     [java] *CurrentHealth*
     [java] mid: 53
     [java] dateRegistered: 2015-12-07
     [java] measureType: weight
     [java] measureValue: 85
     [java] measureValueType: Int
     [java]  
     [java]  
     [java] personId: 55
     [java] Firstname: Jacky
     [java] Lastname: Chan
     [java] Birthdate: 1961-10-11
     [java] *CurrentHealth*
     [java] mid: 55
     [java] dateRegistered: 2015-12-07
     [java] measureType: weight
     [java] measureValue: 65
     [java] measureValueType: Int
     [java]  
     [java]  
     [java] #########################################################
     [java]  
     [java]  
     [java] #########################################################
     [java]  
     [java] Method ==> [readPerson(Long id)]
     [java] Method# ==> [2]
     [java] Param ==> [personId=2]
     [java]  
     [java] personId: 2
     [java] Firstname: Rud
     [java] Lastname: Gullit
     [java] Birthdate: 1970-11-23
     [java] *CurrentHealth*
     [java] mid: 2
     [java] dateRegistered: 2015-10-09
     [java] measureType: weight
     [java] measureValue: 78
     [java] measureValueType: Int
     [java]  
     [java]  
     [java] #########################################################
     [java]  
     [java]  
     [java] #########################################################
     [java]  
     [java] Method ==> [updatePerson(Person p)]
     [java] Method# ==> [3]
     [java] Param ==> [personId: 3]
     [java]  
     [java] Person with id=2 before updating ==> Luis
     [java] Person with id=2, after updating ==> Marc
     [java]  
     [java] #########################################################
     [java]  
     [java]  
     [java] #########################################################
     [java]  
     [java] Method ==> [createFullPerson(Person p, HealthProfile measure)]
     [java] Method# ==> [11]
     [java] Param ==> [Firstname: Jim, Lastname: Morrison, Birthdate: 1961-10-11, dateRegistered: 2015-12-07, measureType: weight, measureValue: 75, measureValueType: Int]
     [java]  
     [java] personId: 57
     [java] Firstname: Jim
     [java] Lastname: Morrison
     [java] Birthdate: 1961-10-11
     [java] *CurrentHealth*
     [java] mid: 57
     [java] dateRegistered: 2015-12-07
     [java] measureType: weight
     [java] measureValue: 75
     [java] measureValueType: Int
     [java] #########################################################
     [java]  
     [java]  
     [java] #########################################################
     [java]  
     [java] Method ==> [createPerson(Person p)]
     [java] Method# ==> [4]
     [java] Param ==> [Firstname: Francesco, Lastname: Totti, Birthdate: 1978-10-11]
     [java]  
     [java] personId: 58
     [java] Firstname: Francesco
     [java] Lastname: Totti
     [java] Birthdate: 1978-10-11
     [java]  
     [java] #########################################################
     [java]  
     [java]  
     [java] #########################################################
     [java]  
     [java] Method ==> [deletePerson(int id)]
     [java] Method# ==> [5]
     [java] Param ==> [personId: 58]
     [java]  
     [java] The person with id: 58 have been deleted.
     [java]  
     [java] #########################################################
     [java]  
     [java]  
     [java] #########################################################
     [java]  
     [java] Method ==> [readPersonHistory(int id, String measureType)]
     [java] Method# ==> [6]
     [java] Param ==> [personId: 2, measureType: weight]
     [java]  
     [java] mid: 2
     [java] dateRegistered: 2015-10-09
     [java] measureType: weight
     [java] measureValue: 78
     [java] measureValueType: Int
     [java]  
     [java] #########################################################
     [java]  
     [java]  
     [java] #########################################################
     [java]  
     [java] Method ==> [readMeasureTypes()]
     [java] Method# ==> [7]
     [java] Param ==> [no parameters]
     [java]  
     [java] height
     [java] weight
     [java]  
     [java] #########################################################
     [java]  
     [java]  
     [java] #########################################################
     [java]  
     [java] Method ==> [readPersonMeasure(int id, String measureType, int mid)]
     [java] Method# ==> [8]
     [java] Param ==> [personId= 2, measureType= weight, mid= 2]
     [java]  
     [java] measureValue: 78
     [java]  
     [java] #########################################################
     [java]  
     [java]  
     [java] #########################################################
     [java]  
     [java] Method ==> [savePersonMeasure(int id, Measure m)]
     [java] Method# ==> [9]
     [java] Param ==> [personId: 51, dateRegistered: 2015-12-17, measureType: weight, measureValue: 188, measureValueType: Int]
     [java]  
     [java] mid: 58
     [java] dateRegistered: 2015-12-17
     [java] measureType: weight
     [java] measureValue: 188
     [java] measureValueType: Int
     [java]  
     [java] #########################################################
     [java]  
     [java]  
     [java] #########################################################
     [java]  
     [java] Method ==> [updatePersonMeasure(int id, Measure m)]
     [java] Method# ==> [10]
     [java] Param ==> [personId: 51, dateRegistered: 2015-10-16, measureType: weight, measureValue: 190, measureValueType: Integer]
     [java]  
     [java] mid: 58
     [java] dateRegistered: 2015-10-16
     [java] measureType: weight
     [java] measureValue: 190
     [java] measureValueType: Integer
     [java]  
     [java] #########################################################
     [java]  
